<?xml version="1.0" encoding="UTF-8"?>
<testng-results skipped="0" failed="0" ignored="0" total="1" passed="1">
  <reporter-output>
  </reporter-output>
  <suite name="UI-Test Cases" duration-ms="14247" started-at="2022-04-24T20:26:21 IST" finished-at="2022-04-24T20:26:35 IST">
    <groups>
    </groups>
    <test name="APITesting" duration-ms="14247" started-at="2022-04-24T20:26:21 IST" finished-at="2022-04-24T20:26:35 IST">
      <class name="com.uitestcases.TC_01_Testing">
        <test-method status="PASS" signature="RegisterUser()[pri:0, instance:com.uitestcases.TC_01_Testing@7af707e0]" name="RegisterUser" duration-ms="3995" started-at="2022-04-24T20:26:31 IST" finished-at="2022-04-24T20:26:35 IST">
          <reporter-output>
          </reporter-output>
        </test-method> <!-- RegisterUser -->
      </class> <!-- com.uitestcases.TC_01_Testing -->
    </test> <!-- APITesting -->
  </suite> <!-- UI-Test Cases -->
</testng-results>
